<?xml version="1.0" encoding="UTF-8"?>
<!-- Generated by org.testng.reporters.JUnitReportReporter -->
<testsuite hostname="DESKTOP-91O1GD9" failures="0" tests="1" name="com.sauce.tests.LoginTest" time="7.089" errors="0" timestamp="2024-11-27T20:10:48 IST" skipped="0">
  <testcase classname="com.sauce.tests.LoginTest" name="testLogin" time="7.089"/>
</testsuite> <!-- com.sauce.tests.LoginTest -->
