<?xml version="1.0" encoding="UTF-8"?>
<!-- Generated by org.testng.reporters.JUnitReportReporter -->
<testsuite hostname="DESKTOP-91O1GD9" failures="0" tests="1" name="com.fitpeo.tests.TotalReimbursementTest" time="22.001" errors="0" timestamp="2024-11-27T23:13:46 IST" skipped="0">
  <testcase classname="com.fitpeo.tests.TotalReimbursementTest" name="testTotalReimbursementFunctionality" time="22.001"/>
</testsuite> <!-- com.fitpeo.tests.TotalReimbursementTest -->
